Started GET "/" for 127.0.0.1 at 2017-11-16 13:15:08 +0100
  
AbstractController::ActionNotFound (The action 'checker' could not be found for HomeController):
  
actionpack (5.1.4) lib/abstract_controller/base.rb:119:in `process'
actionview (5.1.4) lib/action_view/rendering.rb:30:in `process'
actionpack (5.1.4) lib/action_controller/metal.rb:189:in `dispatch'
actionpack (5.1.4) lib/action_controller/metal.rb:253:in `dispatch'
actionpack (5.1.4) lib/action_dispatch/routing/route_set.rb:49:in `dispatch'
actionpack (5.1.4) lib/action_dispatch/routing/route_set.rb:31:in `serve'
actionpack (5.1.4) lib/action_dispatch/journey/router.rb:50:in `block in serve'
actionpack (5.1.4) lib/action_dispatch/journey/router.rb:33:in `each'
actionpack (5.1.4) lib/action_dispatch/journey/router.rb:33:in `serve'
actionpack (5.1.4) lib/action_dispatch/routing/route_set.rb:834:in `call'
rack (2.0.3) lib/rack/etag.rb:25:in `call'
rack (2.0.3) lib/rack/conditional_get.rb:25:in `call'
rack (2.0.3) lib/rack/head.rb:12:in `call'
rack (2.0.3) lib/rack/session/abstract/id.rb:232:in `context'
rack (2.0.3) lib/rack/session/abstract/id.rb:226:in `call'
actionpack (5.1.4) lib/action_dispatch/middleware/cookies.rb:613:in `call'
activerecord (5.1.4) lib/active_record/migration.rb:556:in `call'
actionpack (5.1.4) lib/action_dispatch/middleware/callbacks.rb:26:in `block in call'
activesupport (5.1.4) lib/active_support/callbacks.rb:97:in `run_callbacks'
actionpack (5.1.4) lib/action_dispatch/middleware/callbacks.rb:24:in `call'
actionpack (5.1.4) lib/action_dispatch/middleware/executor.rb:12:in `call'
actionpack (5.1.4) lib/action_dispatch/middleware/debug_exceptions.rb:59:in `call'
web-console (3.5.1) lib/web_console/middleware.rb:135:in `call_app'
web-console (3.5.1) lib/web_console/middleware.rb:28:in `block in call'
web-console (3.5.1) lib/web_console/middleware.rb:18:in `catch'
web-console (3.5.1) lib/web_console/middleware.rb:18:in `call'
actionpack (5.1.4) lib/action_dispatch/middleware/show_exceptions.rb:31:in `call'
railties (5.1.4) lib/rails/rack/logger.rb:36:in `call_app'
railties (5.1.4) lib/rails/rack/logger.rb:24:in `block in call'
activesupport (5.1.4) lib/active_support/tagged_logging.rb:69:in `block in tagged'
activesupport (5.1.4) lib/active_support/tagged_logging.rb:26:in `tagged'
activesupport (5.1.4) lib/active_support/tagged_logging.rb:69:in `tagged'
railties (5.1.4) lib/rails/rack/logger.rb:24:in `call'
sprockets-rails (3.2.1) lib/sprockets/rails/quiet_assets.rb:13:in `call'
actionpack (5.1.4) lib/action_dispatch/middleware/remote_ip.rb:79:in `call'
actionpack (5.1.4) lib/action_dispatch/middleware/request_id.rb:25:in `call'
rack (2.0.3) lib/rack/method_override.rb:22:in `call'
rack (2.0.3) lib/rack/runtime.rb:22:in `call'
activesupport (5.1.4) lib/active_support/cache/strategy/local_cache_middleware.rb:27:in `call'
actionpack (5.1.4) lib/action_dispatch/middleware/executor.rb:12:in `call'
actionpack (5.1.4) lib/action_dispatch/middleware/static.rb:125:in `call'
rack (2.0.3) lib/rack/sendfile.rb:111:in `call'
railties (5.1.4) lib/rails/engine.rb:522:in `call'
puma (3.10.0) lib/puma/configuration.rb:225:in `call'
puma (3.10.0) lib/puma/server.rb:605:in `handle_request'
puma (3.10.0) lib/puma/server.rb:437:in `process_client'
puma (3.10.0) lib/puma/server.rb:301:in `block in run'
puma (3.10.0) lib/puma/thread_pool.rb:120:in `block in spawn_thread'
Started GET "/" for 127.0.0.1 at 2017-11-16 13:16:31 +0100
Processing by HomeController#checkr as HTML
  Rendering home/checkr.html.erb within layouts/application
  Rendered home/checkr.html.erb within layouts/application (0.4ms)
Completed 200 OK in 596ms (Views: 442.0ms)


Started GET "/" for 127.0.0.1 at 2017-11-16 13:22:57 +0100
Processing by HomeController#checkr as HTML
  Rendering home/checkr.html.erb within layouts/application
  Rendered home/checkr.html.erb within layouts/application (0.6ms)
Completed 500 Internal Server Error in 26ms


  
ActionView::Template::Error (Invalid CSS after ".element:": expected pseudoclass or pseudoelement, was " nth-child(1)"):
    4:     <title>LandingPages</title>
    5:     <%= csrf_meta_tags %>
    6: 
    7:     <%= stylesheet_link_tag    'application', media: 'all', 'data-turbolinks-track': 'reload' %>
    8:     <%= javascript_include_tag 'application', 'data-turbolinks-track': 'reload' %>
    9:   </head>
   10: 
  
app/assets/stylesheets/home.scss:16
app/views/layouts/application.html.erb:7:in `_app_views_layouts_application_html_erb___3688029210351547804_70165156595660'
Started GET "/" for 127.0.0.1 at 2017-11-16 13:26:50 +0100
Processing by HomeController#checkr as HTML
  Rendering home/checkr.html.erb within layouts/application
  Rendered home/checkr.html.erb within layouts/application (0.6ms)
Completed 500 Internal Server Error in 22ms


  
ActionView::Template::Error (Invalid CSS after ".element:": expected pseudoclass or pseudoelement, was " nth-child(1)"):
    4:     <title>LandingPages</title>
    5:     <%= csrf_meta_tags %>
    6: 
    7:     <%= stylesheet_link_tag    'application', media: 'all', 'data-turbolinks-track': 'reload' %>
    8:     <%= javascript_include_tag 'application', 'data-turbolinks-track': 'reload' %>
    9:   </head>
   10: 
  
app/assets/stylesheets/home.scss:9
app/views/layouts/application.html.erb:7:in `_app_views_layouts_application_html_erb___3688029210351547804_70165170441840'
Started GET "/" for 127.0.0.1 at 2017-11-16 13:29:47 +0100
Processing by HomeController#checkr as HTML
  Rendering home/checkr.html.erb within layouts/application
  Rendered home/checkr.html.erb within layouts/application (0.4ms)
Completed 200 OK in 38ms (Views: 36.5ms)


Started GET "/" for 127.0.0.1 at 2017-11-16 13:31:56 +0100
Processing by HomeController#checkr as HTML
  Rendering home/checkr.html.erb within layouts/application
  Rendered home/checkr.html.erb within layouts/application (0.4ms)
Completed 200 OK in 41ms (Views: 39.6ms)


Started GET "/" for 127.0.0.1 at 2017-11-16 13:32:27 +0100
Processing by HomeController#checkr as HTML
  Rendering home/checkr.html.erb within layouts/application
  Rendered home/checkr.html.erb within layouts/application (0.4ms)
Completed 200 OK in 18ms (Views: 16.0ms)


Started GET "/" for 127.0.0.1 at 2017-11-16 13:32:39 +0100
Processing by HomeController#checkr as HTML
  Rendering home/checkr.html.erb within layouts/application
  Rendered home/checkr.html.erb within layouts/application (0.4ms)
Completed 200 OK in 25ms (Views: 22.4ms)


Started GET "/" for 127.0.0.1 at 2017-11-16 13:56:20 +0100
Processing by HomeController#checkr as HTML
  Rendering home/checkr.html.erb within layouts/application
  Rendered home/checkr.html.erb within layouts/application (0.5ms)
Completed 200 OK in 21ms (Views: 19.1ms)


Started GET "/" for 127.0.0.1 at 2017-11-16 13:56:23 +0100
Processing by HomeController#checkr as HTML
  Rendering home/checkr.html.erb within layouts/application
  Rendered home/checkr.html.erb within layouts/application (0.4ms)
Completed 200 OK in 26ms (Views: 21.1ms)


Started GET "/" for 127.0.0.1 at 2017-11-16 13:56:23 +0100
Processing by HomeController#checkr as HTML
  Rendering home/checkr.html.erb within layouts/application
  Rendered home/checkr.html.erb within layouts/application (0.4ms)
Completed 200 OK in 27ms (Views: 23.2ms)


Started GET "/" for 127.0.0.1 at 2017-11-16 13:56:24 +0100
Processing by HomeController#checkr as HTML
  Rendering home/checkr.html.erb within layouts/application
  Rendered home/checkr.html.erb within layouts/application (0.5ms)
Completed 200 OK in 27ms (Views: 23.1ms)


Started GET "/" for 127.0.0.1 at 2017-11-16 13:57:05 +0100
Processing by HomeController#checkr as HTML
  Rendering home/checkr.html.erb within layouts/application
  Rendered home/checkr.html.erb within layouts/application (0.5ms)
Completed 200 OK in 21ms (Views: 19.3ms)


Started GET "/" for 127.0.0.1 at 2017-11-16 14:13:06 +0100
Processing by HomeController#checkr as HTML
  Rendering home/checkr.html.erb within layouts/application
  Rendered home/checkr.html.erb within layouts/application (0.4ms)
Completed 200 OK in 41ms (Views: 37.5ms)


Started GET "/" for 127.0.0.1 at 2017-11-16 14:13:08 +0100
Processing by HomeController#checkr as HTML
  Rendering home/checkr.html.erb within layouts/application
  Rendered home/checkr.html.erb within layouts/application (0.4ms)
Completed 200 OK in 21ms (Views: 18.1ms)


Started GET "/" for 127.0.0.1 at 2017-11-16 14:13:10 +0100
Processing by HomeController#checkr as HTML
  Rendering home/checkr.html.erb within layouts/application
  Rendered home/checkr.html.erb within layouts/application (0.3ms)
Completed 200 OK in 21ms (Views: 18.7ms)


Started GET "/" for 127.0.0.1 at 2017-11-16 15:18:12 +0100
Processing by HomeController#checkr as HTML
  Rendering home/checkr.html.erb within layouts/application
  Rendered home/checkr.html.erb within layouts/application (0.5ms)
Completed 200 OK in 43ms (Views: 39.8ms)


Started GET "/" for 127.0.0.1 at 2017-11-16 15:18:16 +0100
Processing by HomeController#checkr as HTML
  Rendering home/checkr.html.erb within layouts/application
  Rendered home/checkr.html.erb within layouts/application (0.4ms)
Completed 200 OK in 22ms (Views: 18.2ms)


Started GET "/" for 127.0.0.1 at 2017-11-16 15:20:05 +0100
Processing by HomeController#checkr as HTML
  Rendering home/checkr.html.erb within layouts/application
  Rendered home/checkr.html.erb within layouts/application (0.5ms)
Completed 200 OK in 18ms (Views: 16.0ms)


Started GET "/" for 127.0.0.1 at 2017-11-16 15:21:26 +0100
Processing by HomeController#checkr as HTML
  Rendering home/checkr.html.erb within layouts/application
  Rendered home/checkr.html.erb within layouts/application (0.7ms)
Completed 200 OK in 18ms (Views: 16.2ms)


Started GET "/" for 127.0.0.1 at 2017-11-16 15:21:43 +0100
Processing by HomeController#checkr as HTML
  Rendering home/checkr.html.erb within layouts/application
  Rendered home/checkr.html.erb within layouts/application (0.5ms)
Completed 200 OK in 41ms (Views: 38.9ms)


Started GET "/" for 127.0.0.1 at 2017-11-16 15:22:06 +0100
Processing by HomeController#checkr as HTML
  Rendering home/checkr.html.erb within layouts/application
  Rendered home/checkr.html.erb within layouts/application (0.5ms)
Completed 200 OK in 39ms (Views: 36.8ms)


Started GET "/" for 127.0.0.1 at 2017-11-16 15:23:15 +0100
Processing by HomeController#checkr as HTML
  Rendering home/checkr.html.erb within layouts/application
  Rendered home/checkr.html.erb within layouts/application (0.7ms)
Completed 200 OK in 39ms (Views: 37.4ms)


Started GET "/" for 127.0.0.1 at 2017-11-16 15:23:23 +0100
Processing by HomeController#checkr as HTML
  Rendering home/checkr.html.erb within layouts/application
  Rendered home/checkr.html.erb within layouts/application (0.4ms)
Completed 200 OK in 40ms (Views: 38.2ms)


Started GET "/" for 127.0.0.1 at 2017-11-16 15:23:53 +0100
Processing by HomeController#checkr as HTML
  Rendering home/checkr.html.erb within layouts/application
  Rendered home/checkr.html.erb within layouts/application (0.4ms)
Completed 200 OK in 42ms (Views: 39.0ms)


Started GET "/" for 127.0.0.1 at 2017-11-16 15:25:00 +0100
Processing by HomeController#checkr as HTML
  Rendering home/checkr.html.erb within layouts/application
  Rendered home/checkr.html.erb within layouts/application (0.5ms)
Completed 200 OK in 42ms (Views: 39.7ms)


Started GET "/" for 127.0.0.1 at 2017-11-16 15:25:06 +0100
Processing by HomeController#checkr as HTML
  Rendering home/checkr.html.erb within layouts/application
  Rendered home/checkr.html.erb within layouts/application (0.3ms)
Completed 200 OK in 38ms (Views: 36.2ms)


Started GET "/" for 127.0.0.1 at 2017-11-16 15:25:12 +0100
Processing by HomeController#checkr as HTML
  Rendering home/checkr.html.erb within layouts/application
  Rendered home/checkr.html.erb within layouts/application (0.4ms)
Completed 200 OK in 48ms (Views: 45.7ms)


Started GET "/" for 127.0.0.1 at 2017-11-16 15:25:18 +0100
Processing by HomeController#checkr as HTML
  Rendering home/checkr.html.erb within layouts/application
  Rendered home/checkr.html.erb within layouts/application (0.4ms)
Completed 200 OK in 43ms (Views: 40.9ms)


Started GET "/" for 127.0.0.1 at 2017-11-16 15:26:21 +0100
Processing by HomeController#checkr as HTML
  Rendering home/checkr.html.erb within layouts/application
  Rendered home/checkr.html.erb within layouts/application (0.5ms)
Completed 200 OK in 43ms (Views: 41.2ms)


Started GET "/" for 127.0.0.1 at 2017-11-16 15:26:51 +0100
Processing by HomeController#checkr as HTML
  Rendering home/checkr.html.erb within layouts/application
  Rendered home/checkr.html.erb within layouts/application (0.3ms)
Completed 200 OK in 23ms (Views: 20.5ms)


Started GET "/" for 127.0.0.1 at 2017-11-16 15:27:24 +0100
Processing by HomeController#checkr as HTML
  Rendering home/checkr.html.erb within layouts/application
  Rendered home/checkr.html.erb within layouts/application (0.3ms)
Completed 200 OK in 23ms (Views: 20.6ms)


Started GET "/" for 127.0.0.1 at 2017-11-16 15:27:30 +0100
Processing by HomeController#checkr as HTML
  Rendering home/checkr.html.erb within layouts/application
  Rendered home/checkr.html.erb within layouts/application (0.6ms)
Completed 200 OK in 26ms (Views: 22.6ms)


Started GET "/" for 127.0.0.1 at 2017-11-16 15:27:50 +0100
Processing by HomeController#checkr as HTML
  Rendering home/checkr.html.erb within layouts/application
  Rendered home/checkr.html.erb within layouts/application (0.4ms)
Completed 200 OK in 24ms (Views: 21.6ms)


Started GET "/" for 127.0.0.1 at 2017-11-16 15:27:52 +0100
Processing by HomeController#checkr as HTML
  Rendering home/checkr.html.erb within layouts/application
  Rendered home/checkr.html.erb within layouts/application (0.4ms)
Completed 200 OK in 25ms (Views: 22.1ms)


Started GET "/" for 127.0.0.1 at 2017-11-16 15:28:18 +0100
Processing by HomeController#checkr as HTML
  Rendering home/checkr.html.erb within layouts/application
  Rendered home/checkr.html.erb within layouts/application (0.4ms)
Completed 200 OK in 44ms (Views: 41.5ms)


Started GET "/" for 127.0.0.1 at 2017-11-16 16:14:00 +0100
Processing by HomeController#checkr as HTML
  Rendering home/checkr.html.erb within layouts/application
  Rendered home/checkr.html.erb within layouts/application (108.2ms)
Completed 200 OK in 154ms (Views: 152.5ms)


Started GET "/" for 127.0.0.1 at 2017-11-16 16:14:16 +0100
Processing by HomeController#checkr as HTML
  Rendering home/checkr.html.erb within layouts/application
  Rendered home/checkr.html.erb within layouts/application (1.5ms)
Completed 200 OK in 23ms (Views: 19.5ms)


Started GET "/" for 127.0.0.1 at 2017-11-16 16:14:54 +0100
Processing by HomeController#checkr as HTML
  Rendering home/checkr.html.erb within layouts/application
  Rendered home/checkr.html.erb within layouts/application (5.3ms)
Completed 500 Internal Server Error in 13ms


  
ActionView::Template::Error (The asset "grubhub.png" is not present in the asset pipeline.):
    11: <div id="conteneur">
    12: 	<div class="element">  
    13: 		<h2><cente>More Than 10,000 Businesses Trust Checkr for Their Background Screenings></h2>
    14: 		<%= image_tag "instacart.png" %><%= image_tag "grubhub.png" %>
    15: 	</div>
    16:     <div class="element"></div>
    17:     <div class="element"></div>
  
app/views/home/checkr.html.erb:14:in `_app_views_home_checkr_html_erb__2436532887829133854_70165156089880'
Started GET "/" for 127.0.0.1 at 2017-11-16 16:15:08 +0100
Processing by HomeController#checkr as HTML
  Rendering home/checkr.html.erb within layouts/application
  Rendered home/checkr.html.erb within layouts/application (2.3ms)
Completed 200 OK in 20ms (Views: 18.3ms)


Started GET "/" for 127.0.0.1 at 2017-11-16 16:16:14 +0100
Processing by HomeController#checkr as HTML
  Rendering home/checkr.html.erb within layouts/application
  Rendered home/checkr.html.erb within layouts/application (3.1ms)
Completed 200 OK in 22ms (Views: 19.8ms)


Started GET "/" for 127.0.0.1 at 2017-11-16 16:16:49 +0100
Processing by HomeController#checkr as HTML
  Rendering home/checkr.html.erb within layouts/application
  Rendered home/checkr.html.erb within layouts/application (4.5ms)
Completed 200 OK in 51ms (Views: 48.8ms)


Started GET "/" for 127.0.0.1 at 2017-11-16 16:20:52 +0100
Processing by HomeController#checkr as HTML
  Rendering home/checkr.html.erb within layouts/application
  Rendered home/checkr.html.erb within layouts/application (2.7ms)
Completed 200 OK in 25ms (Views: 23.2ms)


Started GET "/" for 127.0.0.1 at 2017-11-16 16:21:53 +0100
Processing by HomeController#checkr as HTML
  Rendering home/checkr.html.erb within layouts/application
  Rendered home/checkr.html.erb within layouts/application (5.4ms)
Completed 200 OK in 30ms (Views: 26.8ms)


Started GET "/" for 127.0.0.1 at 2017-11-16 16:22:12 +0100
Processing by HomeController#checkr as HTML
  Rendering home/checkr.html.erb within layouts/application
  Rendered home/checkr.html.erb within layouts/application (4.0ms)
Completed 200 OK in 24ms (Views: 21.5ms)


Started GET "/" for 127.0.0.1 at 2017-11-16 16:23:00 +0100
Processing by HomeController#checkr as HTML
  Rendering home/checkr.html.erb within layouts/application
  Rendered home/checkr.html.erb within layouts/application (4.6ms)
Completed 200 OK in 26ms (Views: 24.4ms)


Started GET "/" for 127.0.0.1 at 2017-11-16 16:25:10 +0100
Processing by HomeController#checkr as HTML
  Rendering home/checkr.html.erb within layouts/application
  Rendered home/checkr.html.erb within layouts/application (6.1ms)
Completed 200 OK in 54ms (Views: 50.1ms)


Started GET "/" for 127.0.0.1 at 2017-11-16 16:25:23 +0100
Processing by HomeController#checkr as HTML
  Rendering home/checkr.html.erb within layouts/application
  Rendered home/checkr.html.erb within layouts/application (8.4ms)
Completed 200 OK in 40ms (Views: 37.0ms)


Started GET "/" for 127.0.0.1 at 2017-11-16 16:26:48 +0100
Processing by HomeController#checkr as HTML
  Rendering home/checkr.html.erb within layouts/application
  Rendered home/checkr.html.erb within layouts/application (9.3ms)
Completed 200 OK in 31ms (Views: 29.2ms)


Started GET "/" for 127.0.0.1 at 2017-11-16 16:28:13 +0100
Processing by HomeController#checkr as HTML
  Rendering home/checkr.html.erb within layouts/application
  Rendered home/checkr.html.erb within layouts/application (6.0ms)
Completed 200 OK in 27ms (Views: 25.1ms)


Started GET "/" for 127.0.0.1 at 2017-11-16 16:38:41 +0100
Processing by HomeController#checkr as HTML
  Rendering home/checkr.html.erb within layouts/application
  Rendered home/checkr.html.erb within layouts/application (4.3ms)
Completed 200 OK in 77ms (Views: 74.4ms)


Started GET "/" for 127.0.0.1 at 2017-11-16 16:39:54 +0100
Processing by HomeController#checkr as HTML
  Rendering home/checkr.html.erb within layouts/application
  Rendered home/checkr.html.erb within layouts/application (8.7ms)
Completed 500 Internal Server Error in 37ms


  
ActionView::Template::Error (Invalid CSS after "     flex-grow": expected "{", was ";"):
    4:     <title>LandingPages</title>
    5:     <%= csrf_meta_tags %>
    6: 
    7:     <%= stylesheet_link_tag    'application', media: 'all', 'data-turbolinks-track': 'reload' %>
    8:     <%= javascript_include_tag 'application', 'data-turbolinks-track': 'reload' %>
    9:   </head>
   10: 
  
app/assets/stylesheets/home.scss:28
app/views/layouts/application.html.erb:7:in `_app_views_layouts_application_html_erb___3688029210351547804_70165156584560'
Started GET "/" for 127.0.0.1 at 2017-11-16 16:40:24 +0100
Processing by HomeController#checkr as HTML
  Rendering home/checkr.html.erb within layouts/application
  Rendered home/checkr.html.erb within layouts/application (5.1ms)
Completed 500 Internal Server Error in 23ms


  
ActionView::Template::Error (Invalid CSS after "     flex-grow": expected "{", was ";"):
    4:     <title>LandingPages</title>
    5:     <%= csrf_meta_tags %>
    6: 
    7:     <%= stylesheet_link_tag    'application', media: 'all', 'data-turbolinks-track': 'reload' %>
    8:     <%= javascript_include_tag 'application', 'data-turbolinks-track': 'reload' %>
    9:   </head>
   10: 
  
app/assets/stylesheets/home.scss:28
app/views/layouts/application.html.erb:7:in `_app_views_layouts_application_html_erb___3688029210351547804_70165140033580'
Started GET "/" for 127.0.0.1 at 2017-11-16 16:40:29 +0100
Processing by HomeController#checkr as HTML
  Rendering home/checkr.html.erb within layouts/application
  Rendered home/checkr.html.erb within layouts/application (6.0ms)
Completed 200 OK in 46ms (Views: 44.7ms)


Started GET "/" for 127.0.0.1 at 2017-11-16 16:40:35 +0100
Processing by HomeController#checkr as HTML
  Rendering home/checkr.html.erb within layouts/application
  Rendered home/checkr.html.erb within layouts/application (5.8ms)
Completed 200 OK in 36ms (Views: 33.7ms)


Started GET "/" for 127.0.0.1 at 2017-11-16 16:40:54 +0100
Processing by HomeController#checkr as HTML
  Rendering home/checkr.html.erb within layouts/application
  Rendered home/checkr.html.erb within layouts/application (38.4ms)
Completed 200 OK in 64ms (Views: 62.2ms)


Started GET "/" for 127.0.0.1 at 2017-11-16 16:41:22 +0100
Processing by HomeController#checkr as HTML
  Rendering home/checkr.html.erb within layouts/application
  Rendered home/checkr.html.erb within layouts/application (4.8ms)
Completed 200 OK in 25ms (Views: 22.8ms)


Started GET "/" for 127.0.0.1 at 2017-11-16 16:42:28 +0100
Processing by HomeController#checkr as HTML
  Rendering home/checkr.html.erb within layouts/application
  Rendered home/checkr.html.erb within layouts/application (9.1ms)
Completed 200 OK in 52ms (Views: 49.9ms)


Started GET "/" for 127.0.0.1 at 2017-11-16 16:42:53 +0100
Processing by HomeController#checkr as HTML
  Rendering home/checkr.html.erb within layouts/application
  Rendered home/checkr.html.erb within layouts/application (5.9ms)
Completed 200 OK in 49ms (Views: 47.5ms)


Started GET "/" for 127.0.0.1 at 2017-11-16 16:46:36 +0100
Processing by HomeController#checkr as HTML
  Rendering home/checkr.html.erb within layouts/application
  Rendered home/checkr.html.erb within layouts/application (8.2ms)
Completed 200 OK in 29ms (Views: 26.8ms)


Started GET "/" for 127.0.0.1 at 2017-11-16 16:49:37 +0100
Processing by HomeController#checkr as HTML
  Rendering home/checkr.html.erb within layouts/application
  Rendered home/checkr.html.erb within layouts/application (11.8ms)
Completed 200 OK in 39ms (Views: 37.6ms)


Started GET "/" for 127.0.0.1 at 2017-11-16 16:49:39 +0100
Processing by HomeController#checkr as HTML
  Rendering home/checkr.html.erb within layouts/application
  Rendered home/checkr.html.erb within layouts/application (6.6ms)
Completed 200 OK in 26ms (Views: 24.5ms)


Started GET "/" for 127.0.0.1 at 2017-11-16 17:03:38 +0100
Processing by HomeController#checkr as HTML
  Rendering home/checkr.html.erb within layouts/application
  Rendered home/checkr.html.erb within layouts/application (5.4ms)
Completed 200 OK in 25ms (Views: 23.4ms)


Started GET "/" for 127.0.0.1 at 2017-11-16 17:04:09 +0100
Processing by HomeController#checkr as HTML
  Rendering home/checkr.html.erb within layouts/application
  Rendered home/checkr.html.erb within layouts/application (6.2ms)
Completed 200 OK in 28ms (Views: 24.6ms)


Started GET "/" for 127.0.0.1 at 2017-11-16 17:04:28 +0100
Processing by HomeController#checkr as HTML
  Rendering home/checkr.html.erb within layouts/application
  Rendered home/checkr.html.erb within layouts/application (7.3ms)
Completed 200 OK in 27ms (Views: 25.3ms)


Started GET "/" for 127.0.0.1 at 2017-11-16 17:06:56 +0100
Processing by HomeController#checkr as HTML
  Rendering home/checkr.html.erb within layouts/application
  Rendered home/checkr.html.erb within layouts/application (8.1ms)
Completed 200 OK in 86ms (Views: 83.7ms)


Started GET "/" for 127.0.0.1 at 2017-11-16 17:07:40 +0100
Processing by HomeController#checkr as HTML
  Rendering home/checkr.html.erb within layouts/application
  Rendered home/checkr.html.erb within layouts/application (5.9ms)
Completed 200 OK in 50ms (Views: 48.0ms)


Started GET "/" for 127.0.0.1 at 2017-11-16 17:10:24 +0100
Processing by HomeController#checkr as HTML
  Rendering home/checkr.html.erb within layouts/application
  Rendered home/checkr.html.erb within layouts/application (6.3ms)
Completed 200 OK in 25ms (Views: 22.4ms)


Started GET "/" for 127.0.0.1 at 2017-11-16 17:11:10 +0100
Processing by HomeController#checkr as HTML
  Rendering home/checkr.html.erb within layouts/application
  Rendered home/checkr.html.erb within layouts/application (5.1ms)
Completed 200 OK in 25ms (Views: 23.1ms)


Started GET "/" for 127.0.0.1 at 2017-11-16 17:11:59 +0100
Processing by HomeController#checkr as HTML
  Rendering home/checkr.html.erb within layouts/application
  Rendered home/checkr.html.erb within layouts/application (5.4ms)
Completed 200 OK in 25ms (Views: 22.1ms)


Started GET "/" for 127.0.0.1 at 2017-11-16 17:30:08 +0100
Processing by HomeController#checkr as HTML
  Rendering home/checkr.html.erb within layouts/application
  Rendered home/checkr.html.erb within layouts/application (245.9ms)
Completed 200 OK in 434ms (Views: 281.7ms)


Started GET "/" for 127.0.0.1 at 2017-11-16 17:37:42 +0100
Processing by HomeController#checkr as HTML
  Rendering home/checkr.html.erb within layouts/application
  Rendered home/checkr.html.erb within layouts/application (8.0ms)
Completed 200 OK in 49ms (Views: 46.9ms)


Started GET "/" for 127.0.0.1 at 2017-11-16 18:38:52 +0100
Processing by HomeController#checkr as HTML
  Rendering home/checkr.html.erb within layouts/application
  Rendered home/checkr.html.erb within layouts/application (458.1ms)
Completed 200 OK in 733ms (Views: 528.6ms)


Started GET "/" for 127.0.0.1 at 2017-11-16 18:52:57 +0100
Processing by HomeController#checkr as HTML
  Rendering home/checkr.html.erb within layouts/application
  Rendered home/checkr.html.erb within layouts/application (295.5ms)
Completed 500 Internal Server Error in 305ms


  
ActionView::Template::Error (undefined local variable or method `‘home' for #<#<Class:0x007f8eeb5d42c0>:0x007f8eec76ac28>):
    1: <!DOCTYPE html>
    2: <%= stylesheet_link_tag ‘home.scss’ %> 
    3: <html>
    4: <head>
    5: 	<title>Home Checker</title>
  
app/views/home/checkr.html.erb:2:in `_app_views_home_checkr_html_erb__1658649591083283502_70125907395320'
Started GET "/" for 127.0.0.1 at 2017-11-16 18:53:12 +0100
Processing by HomeController#checkr as HTML
  Rendering home/checkr.html.erb within layouts/application
  Rendered home/checkr.html.erb within layouts/application (8.3ms)
Completed 500 Internal Server Error in 17ms


  
ActionView::Template::Error (The asset "web1.png" is not present in the asset pipeline.):
    25:     <div class="element">
    26:        <h2><strong><center>Tailored to Fit Your Industry’s Needs</center></strong></h2>
    27:     <div class="element">  
    28:     <center><%= image_tag "web1.png"%>
    29:         <%= image_tag "web2.png"%>
    30:     <%= image_tag "web3.png"%>                                        <%= image_tag "web4.png"%>
    31:         <br>
  
app/views/home/checkr.html.erb:28:in `_app_views_home_checkr_html_erb__1658649591083283502_70125921341840'
Started GET "/" for 127.0.0.1 at 2017-11-16 18:55:03 +0100
Processing by HomeController#checkr as HTML
  Rendering home/checkr.html.erb within layouts/application
  Rendered home/checkr.html.erb within layouts/application (286.7ms)
Completed 200 OK in 337ms (Views: 334.4ms)


Started GET "/" for 127.0.0.1 at 2017-11-16 18:55:29 +0100
Processing by HomeController#checkr as HTML
  Rendering home/checkr.html.erb within layouts/application
  Rendered home/checkr.html.erb within layouts/application (14.1ms)
Completed 200 OK in 39ms (Views: 36.9ms)


Started GET "/" for 127.0.0.1 at 2017-11-16 18:56:24 +0100
Processing by HomeController#checkr as HTML
  Rendering home/checkr.html.erb within layouts/application
  Rendered home/checkr.html.erb within layouts/application (13.0ms)
Completed 200 OK in 76ms (Views: 73.0ms)


Started GET "/" for 127.0.0.1 at 2017-11-16 18:57:52 +0100
Processing by HomeController#checkr as HTML
  Rendering home/checkr.html.erb within layouts/application
  Rendered home/checkr.html.erb within layouts/application (14.3ms)
Completed 200 OK in 75ms (Views: 72.7ms)


Started GET "/" for 127.0.0.1 at 2017-11-16 18:58:18 +0100
Processing by HomeController#checkr as HTML
  Rendering home/checkr.html.erb within layouts/application
  Rendered home/checkr.html.erb within layouts/application (10.2ms)
Completed 200 OK in 71ms (Views: 68.5ms)


Started GET "/" for 127.0.0.1 at 2017-11-16 19:04:41 +0100
Processing by HomeController#checkr as HTML
  Rendering home/checkr.html.erb within layouts/application
  Rendered home/checkr.html.erb within layouts/application (17.5ms)
Completed 200 OK in 128ms (Views: 125.4ms)


Started GET "/" for 127.0.0.1 at 2017-11-16 19:05:13 +0100
Processing by HomeController#checkr as HTML
  Rendering home/checkr.html.erb within layouts/application
  Rendered home/checkr.html.erb within layouts/application (12.0ms)
Completed 200 OK in 41ms (Views: 38.9ms)


Started GET "/" for 127.0.0.1 at 2017-11-16 19:05:45 +0100
Processing by HomeController#checkr as HTML
  Rendering home/checkr.html.erb within layouts/application
  Rendered home/checkr.html.erb within layouts/application (15.6ms)
Completed 200 OK in 44ms (Views: 41.5ms)


Started GET "/" for 127.0.0.1 at 2017-11-16 19:08:01 +0100
Processing by HomeController#checkr as HTML
  Rendering home/checkr.html.erb within layouts/application
  Rendered home/checkr.html.erb within layouts/application (11.3ms)
Completed 200 OK in 76ms (Views: 74.1ms)


Started GET "/" for 127.0.0.1 at 2017-11-16 19:09:52 +0100
Processing by HomeController#checkr as HTML
  Rendering home/checkr.html.erb within layouts/application
  Rendered home/checkr.html.erb within layouts/application (14.6ms)
Completed 200 OK in 74ms (Views: 72.1ms)


Started GET "/" for 127.0.0.1 at 2017-11-16 19:13:53 +0100
Processing by HomeController#checkr as HTML
  Rendering home/checkr.html.erb within layouts/application
  Rendered home/checkr.html.erb within layouts/application (12.5ms)
Completed 200 OK in 37ms (Views: 35.3ms)


Started GET "/" for 127.0.0.1 at 2017-11-16 19:15:17 +0100
Processing by HomeController#checkr as HTML
  Rendering home/checkr.html.erb within layouts/application
  Rendered home/checkr.html.erb within layouts/application (12.8ms)
Completed 500 Internal Server Error in 64ms


  
ActionView::Template::Error (Invalid CSS after "}": expected selector or at-rule, was "}"):
    4:     <title>LandingPages</title>
    5:     <%= csrf_meta_tags %>
    6: 
    7:     <%= stylesheet_link_tag    'application', media: 'all', 'data-turbolinks-track': 'reload' %>
    8:     <%= javascript_include_tag 'application', 'data-turbolinks-track': 'reload' %>
    9:   </head>
   10: 
  
app/assets/stylesheets/home.scss:180
app/views/layouts/application.html.erb:7:in `_app_views_layouts_application_html_erb___4125865148482025627_70125937816880'
Started GET "/" for 127.0.0.1 at 2017-11-16 19:15:24 +0100
Processing by HomeController#checkr as HTML
  Rendering home/checkr.html.erb within layouts/application
  Rendered home/checkr.html.erb within layouts/application (13.8ms)
Completed 200 OK in 108ms (Views: 106.0ms)


Started GET "/" for 127.0.0.1 at 2017-11-16 19:16:27 +0100
Processing by HomeController#checkr as HTML
  Rendering home/checkr.html.erb within layouts/application
  Rendered home/checkr.html.erb within layouts/application (18.8ms)
Completed 200 OK in 41ms (Views: 38.4ms)


Started GET "/" for 127.0.0.1 at 2017-11-16 19:17:03 +0100
Processing by HomeController#checkr as HTML
  Rendering home/checkr.html.erb within layouts/application
  Rendered home/checkr.html.erb within layouts/application (11.5ms)
Completed 500 Internal Server Error in 60ms


  
ActionView::Template::Error (Invalid CSS after "}": expected selector or at-rule, was "}"):
    4:     <title>LandingPages</title>
    5:     <%= csrf_meta_tags %>
    6: 
    7:     <%= stylesheet_link_tag    'application', media: 'all', 'data-turbolinks-track': 'reload' %>
    8:     <%= javascript_include_tag 'application', 'data-turbolinks-track': 'reload' %>
    9:   </head>
   10: 
  
app/assets/stylesheets/home.scss:179
app/views/layouts/application.html.erb:7:in `_app_views_layouts_application_html_erb___4125865148482025627_70125942545620'
Started GET "/" for 127.0.0.1 at 2017-11-16 19:17:12 +0100
Processing by HomeController#checkr as HTML
  Rendering home/checkr.html.erb within layouts/application
  Rendered home/checkr.html.erb within layouts/application (14.3ms)
Completed 200 OK in 102ms (Views: 98.1ms)


Started GET "/terms-of-service" for 127.0.0.1 at 2017-11-16 19:17:15 +0100
  
ActionController::RoutingError (No route matches [GET] "/terms-of-service"):
  
actionpack (5.1.4) lib/action_dispatch/middleware/debug_exceptions.rb:63:in `call'
web-console (3.5.1) lib/web_console/middleware.rb:135:in `call_app'
web-console (3.5.1) lib/web_console/middleware.rb:28:in `block in call'
web-console (3.5.1) lib/web_console/middleware.rb:18:in `catch'
web-console (3.5.1) lib/web_console/middleware.rb:18:in `call'
actionpack (5.1.4) lib/action_dispatch/middleware/show_exceptions.rb:31:in `call'
railties (5.1.4) lib/rails/rack/logger.rb:36:in `call_app'
railties (5.1.4) lib/rails/rack/logger.rb:24:in `block in call'
activesupport (5.1.4) lib/active_support/tagged_logging.rb:69:in `block in tagged'
activesupport (5.1.4) lib/active_support/tagged_logging.rb:26:in `tagged'
activesupport (5.1.4) lib/active_support/tagged_logging.rb:69:in `tagged'
railties (5.1.4) lib/rails/rack/logger.rb:24:in `call'
sprockets-rails (3.2.1) lib/sprockets/rails/quiet_assets.rb:13:in `call'
actionpack (5.1.4) lib/action_dispatch/middleware/remote_ip.rb:79:in `call'
actionpack (5.1.4) lib/action_dispatch/middleware/request_id.rb:25:in `call'
rack (2.0.3) lib/rack/method_override.rb:22:in `call'
rack (2.0.3) lib/rack/runtime.rb:22:in `call'
activesupport (5.1.4) lib/active_support/cache/strategy/local_cache_middleware.rb:27:in `call'
actionpack (5.1.4) lib/action_dispatch/middleware/executor.rb:12:in `call'
actionpack (5.1.4) lib/action_dispatch/middleware/static.rb:125:in `call'
rack (2.0.3) lib/rack/sendfile.rb:111:in `call'
railties (5.1.4) lib/rails/engine.rb:522:in `call'
puma (3.10.0) lib/puma/configuration.rb:225:in `call'
puma (3.10.0) lib/puma/server.rb:605:in `handle_request'
puma (3.10.0) lib/puma/server.rb:437:in `process_client'
puma (3.10.0) lib/puma/server.rb:301:in `block in run'
puma (3.10.0) lib/puma/thread_pool.rb:120:in `block in spawn_thread'
Started GET "/" for 127.0.0.1 at 2017-11-16 19:17:17 +0100
Processing by HomeController#checkr as HTML
  Rendering home/checkr.html.erb within layouts/application
  Rendered home/checkr.html.erb within layouts/application (15.7ms)
Completed 200 OK in 44ms (Views: 41.9ms)


Started GET "/" for 127.0.0.1 at 2017-11-16 19:17:58 +0100
Processing by HomeController#checkr as HTML
  Rendering home/checkr.html.erb within layouts/application
  Rendered home/checkr.html.erb within layouts/application (21.6ms)
Completed 200 OK in 119ms (Views: 116.9ms)


Started GET "/" for 127.0.0.1 at 2017-11-16 19:18:16 +0100
Processing by HomeController#checkr as HTML
  Rendering home/checkr.html.erb within layouts/application
  Rendered home/checkr.html.erb within layouts/application (11.3ms)
Completed 200 OK in 101ms (Views: 98.9ms)


Started GET "/" for 127.0.0.1 at 2017-11-16 19:18:57 +0100
Processing by HomeController#checkr as HTML
  Rendering home/checkr.html.erb within layouts/application
  Rendered home/checkr.html.erb within layouts/application (19.0ms)
Completed 200 OK in 103ms (Views: 101.3ms)


Started GET "/" for 127.0.0.1 at 2017-11-16 19:19:16 +0100
Processing by HomeController#checkr as HTML
  Rendering home/checkr.html.erb within layouts/application
  Rendered home/checkr.html.erb within layouts/application (21.6ms)
Completed 200 OK in 108ms (Views: 106.2ms)


Started GET "/" for 127.0.0.1 at 2017-11-16 19:19:54 +0100
Processing by HomeController#checkr as HTML
  Rendering home/checkr.html.erb within layouts/application
  Rendered home/checkr.html.erb within layouts/application (12.9ms)
Completed 200 OK in 106ms (Views: 104.2ms)


Started GET "/" for 127.0.0.1 at 2017-11-16 19:20:54 +0100
Processing by HomeController#checkr as HTML
  Rendering home/checkr.html.erb within layouts/application
  Rendered home/checkr.html.erb within layouts/application (13.0ms)
Completed 200 OK in 109ms (Views: 106.2ms)


Started GET "/" for 127.0.0.1 at 2017-11-16 19:25:09 +0100
Processing by HomeController#checkr as HTML
  Rendering home/checkr.html.erb within layouts/application
  Rendered home/checkr.html.erb within layouts/application (15.4ms)
Completed 200 OK in 165ms (Views: 163.3ms)


Started GET "/checklogo.jpg" for 127.0.0.1 at 2017-11-16 19:25:09 +0100
  
ActionController::RoutingError (No route matches [GET] "/checklogo.jpg"):
  
actionpack (5.1.4) lib/action_dispatch/middleware/debug_exceptions.rb:63:in `call'
web-console (3.5.1) lib/web_console/middleware.rb:135:in `call_app'
web-console (3.5.1) lib/web_console/middleware.rb:28:in `block in call'
web-console (3.5.1) lib/web_console/middleware.rb:18:in `catch'
web-console (3.5.1) lib/web_console/middleware.rb:18:in `call'
actionpack (5.1.4) lib/action_dispatch/middleware/show_exceptions.rb:31:in `call'
railties (5.1.4) lib/rails/rack/logger.rb:36:in `call_app'
railties (5.1.4) lib/rails/rack/logger.rb:24:in `block in call'
activesupport (5.1.4) lib/active_support/tagged_logging.rb:69:in `block in tagged'
activesupport (5.1.4) lib/active_support/tagged_logging.rb:26:in `tagged'
activesupport (5.1.4) lib/active_support/tagged_logging.rb:69:in `tagged'
railties (5.1.4) lib/rails/rack/logger.rb:24:in `call'
sprockets-rails (3.2.1) lib/sprockets/rails/quiet_assets.rb:13:in `call'
actionpack (5.1.4) lib/action_dispatch/middleware/remote_ip.rb:79:in `call'
actionpack (5.1.4) lib/action_dispatch/middleware/request_id.rb:25:in `call'
rack (2.0.3) lib/rack/method_override.rb:22:in `call'
rack (2.0.3) lib/rack/runtime.rb:22:in `call'
activesupport (5.1.4) lib/active_support/cache/strategy/local_cache_middleware.rb:27:in `call'
actionpack (5.1.4) lib/action_dispatch/middleware/executor.rb:12:in `call'
actionpack (5.1.4) lib/action_dispatch/middleware/static.rb:125:in `call'
rack (2.0.3) lib/rack/sendfile.rb:111:in `call'
railties (5.1.4) lib/rails/engine.rb:522:in `call'
puma (3.10.0) lib/puma/configuration.rb:225:in `call'
puma (3.10.0) lib/puma/server.rb:605:in `handle_request'
puma (3.10.0) lib/puma/server.rb:437:in `process_client'
puma (3.10.0) lib/puma/server.rb:301:in `block in run'
puma (3.10.0) lib/puma/thread_pool.rb:120:in `block in spawn_thread'
Started GET "/Checkr_Hero_poster.png" for 127.0.0.1 at 2017-11-16 19:25:09 +0100
  
ActionController::RoutingError (No route matches [GET] "/Checkr_Hero_poster.png"):
  
actionpack (5.1.4) lib/action_dispatch/middleware/debug_exceptions.rb:63:in `call'
web-console (3.5.1) lib/web_console/middleware.rb:135:in `call_app'
web-console (3.5.1) lib/web_console/middleware.rb:28:in `block in call'
web-console (3.5.1) lib/web_console/middleware.rb:18:in `catch'
web-console (3.5.1) lib/web_console/middleware.rb:18:in `call'
actionpack (5.1.4) lib/action_dispatch/middleware/show_exceptions.rb:31:in `call'
railties (5.1.4) lib/rails/rack/logger.rb:36:in `call_app'
railties (5.1.4) lib/rails/rack/logger.rb:24:in `block in call'
activesupport (5.1.4) lib/active_support/tagged_logging.rb:69:in `block in tagged'
activesupport (5.1.4) lib/active_support/tagged_logging.rb:26:in `tagged'
activesupport (5.1.4) lib/active_support/tagged_logging.rb:69:in `tagged'
railties (5.1.4) lib/rails/rack/logger.rb:24:in `call'
sprockets-rails (3.2.1) lib/sprockets/rails/quiet_assets.rb:13:in `call'
actionpack (5.1.4) lib/action_dispatch/middleware/remote_ip.rb:79:in `call'
actionpack (5.1.4) lib/action_dispatch/middleware/request_id.rb:25:in `call'
rack (2.0.3) lib/rack/method_override.rb:22:in `call'
rack (2.0.3) lib/rack/runtime.rb:22:in `call'
activesupport (5.1.4) lib/active_support/cache/strategy/local_cache_middleware.rb:27:in `call'
actionpack (5.1.4) lib/action_dispatch/middleware/executor.rb:12:in `call'
actionpack (5.1.4) lib/action_dispatch/middleware/static.rb:125:in `call'
rack (2.0.3) lib/rack/sendfile.rb:111:in `call'
railties (5.1.4) lib/rails/engine.rb:522:in `call'
puma (3.10.0) lib/puma/configuration.rb:225:in `call'
puma (3.10.0) lib/puma/server.rb:605:in `handle_request'
puma (3.10.0) lib/puma/server.rb:437:in `process_client'
puma (3.10.0) lib/puma/server.rb:301:in `block in run'
puma (3.10.0) lib/puma/thread_pool.rb:120:in `block in spawn_thread'
Started GET "/checklogo.jpg" for 127.0.0.1 at 2017-11-16 19:25:27 +0100
  
ActionController::RoutingError (No route matches [GET] "/checklogo.jpg"):
  
actionpack (5.1.4) lib/action_dispatch/middleware/debug_exceptions.rb:63:in `call'
web-console (3.5.1) lib/web_console/middleware.rb:135:in `call_app'
web-console (3.5.1) lib/web_console/middleware.rb:28:in `block in call'
web-console (3.5.1) lib/web_console/middleware.rb:18:in `catch'
web-console (3.5.1) lib/web_console/middleware.rb:18:in `call'
actionpack (5.1.4) lib/action_dispatch/middleware/show_exceptions.rb:31:in `call'
railties (5.1.4) lib/rails/rack/logger.rb:36:in `call_app'
railties (5.1.4) lib/rails/rack/logger.rb:24:in `block in call'
activesupport (5.1.4) lib/active_support/tagged_logging.rb:69:in `block in tagged'
activesupport (5.1.4) lib/active_support/tagged_logging.rb:26:in `tagged'
activesupport (5.1.4) lib/active_support/tagged_logging.rb:69:in `tagged'
railties (5.1.4) lib/rails/rack/logger.rb:24:in `call'
sprockets-rails (3.2.1) lib/sprockets/rails/quiet_assets.rb:13:in `call'
actionpack (5.1.4) lib/action_dispatch/middleware/remote_ip.rb:79:in `call'
actionpack (5.1.4) lib/action_dispatch/middleware/request_id.rb:25:in `call'
rack (2.0.3) lib/rack/method_override.rb:22:in `call'
rack (2.0.3) lib/rack/runtime.rb:22:in `call'
activesupport (5.1.4) lib/active_support/cache/strategy/local_cache_middleware.rb:27:in `call'
actionpack (5.1.4) lib/action_dispatch/middleware/executor.rb:12:in `call'
actionpack (5.1.4) lib/action_dispatch/middleware/static.rb:125:in `call'
rack (2.0.3) lib/rack/sendfile.rb:111:in `call'
railties (5.1.4) lib/rails/engine.rb:522:in `call'
puma (3.10.0) lib/puma/configuration.rb:225:in `call'
puma (3.10.0) lib/puma/server.rb:605:in `handle_request'
puma (3.10.0) lib/puma/server.rb:437:in `process_client'
puma (3.10.0) lib/puma/server.rb:301:in `block in run'
puma (3.10.0) lib/puma/thread_pool.rb:120:in `block in spawn_thread'
Started GET "/Checkr_Hero_poster.png" for 127.0.0.1 at 2017-11-16 19:25:27 +0100
  
ActionController::RoutingError (No route matches [GET] "/Checkr_Hero_poster.png"):
  
actionpack (5.1.4) lib/action_dispatch/middleware/debug_exceptions.rb:63:in `call'
web-console (3.5.1) lib/web_console/middleware.rb:135:in `call_app'
web-console (3.5.1) lib/web_console/middleware.rb:28:in `block in call'
web-console (3.5.1) lib/web_console/middleware.rb:18:in `catch'
web-console (3.5.1) lib/web_console/middleware.rb:18:in `call'
actionpack (5.1.4) lib/action_dispatch/middleware/show_exceptions.rb:31:in `call'
railties (5.1.4) lib/rails/rack/logger.rb:36:in `call_app'
railties (5.1.4) lib/rails/rack/logger.rb:24:in `block in call'
activesupport (5.1.4) lib/active_support/tagged_logging.rb:69:in `block in tagged'
activesupport (5.1.4) lib/active_support/tagged_logging.rb:26:in `tagged'
activesupport (5.1.4) lib/active_support/tagged_logging.rb:69:in `tagged'
railties (5.1.4) lib/rails/rack/logger.rb:24:in `call'
sprockets-rails (3.2.1) lib/sprockets/rails/quiet_assets.rb:13:in `call'
actionpack (5.1.4) lib/action_dispatch/middleware/remote_ip.rb:79:in `call'
actionpack (5.1.4) lib/action_dispatch/middleware/request_id.rb:25:in `call'
rack (2.0.3) lib/rack/method_override.rb:22:in `call'
rack (2.0.3) lib/rack/runtime.rb:22:in `call'
activesupport (5.1.4) lib/active_support/cache/strategy/local_cache_middleware.rb:27:in `call'
actionpack (5.1.4) lib/action_dispatch/middleware/executor.rb:12:in `call'
actionpack (5.1.4) lib/action_dispatch/middleware/static.rb:125:in `call'
rack (2.0.3) lib/rack/sendfile.rb:111:in `call'
railties (5.1.4) lib/rails/engine.rb:522:in `call'
puma (3.10.0) lib/puma/configuration.rb:225:in `call'
puma (3.10.0) lib/puma/server.rb:605:in `handle_request'
puma (3.10.0) lib/puma/server.rb:437:in `process_client'
puma (3.10.0) lib/puma/server.rb:301:in `block in run'
puma (3.10.0) lib/puma/thread_pool.rb:120:in `block in spawn_thread'
Started GET "/" for 127.0.0.1 at 2017-11-16 19:26:31 +0100
Processing by HomeController#checkr as HTML
  Rendering home/checkr.html.erb within layouts/application
  Rendered home/checkr.html.erb within layouts/application (13.9ms)
Completed 200 OK in 129ms (Views: 126.5ms)


Started GET "/checklogo.jpg" for 127.0.0.1 at 2017-11-16 19:26:31 +0100
  
ActionController::RoutingError (No route matches [GET] "/checklogo.jpg"):
  
actionpack (5.1.4) lib/action_dispatch/middleware/debug_exceptions.rb:63:in `call'
web-console (3.5.1) lib/web_console/middleware.rb:135:in `call_app'
web-console (3.5.1) lib/web_console/middleware.rb:28:in `block in call'
web-console (3.5.1) lib/web_console/middleware.rb:18:in `catch'
web-console (3.5.1) lib/web_console/middleware.rb:18:in `call'
actionpack (5.1.4) lib/action_dispatch/middleware/show_exceptions.rb:31:in `call'
railties (5.1.4) lib/rails/rack/logger.rb:36:in `call_app'
railties (5.1.4) lib/rails/rack/logger.rb:24:in `block in call'
activesupport (5.1.4) lib/active_support/tagged_logging.rb:69:in `block in tagged'
activesupport (5.1.4) lib/active_support/tagged_logging.rb:26:in `tagged'
activesupport (5.1.4) lib/active_support/tagged_logging.rb:69:in `tagged'
railties (5.1.4) lib/rails/rack/logger.rb:24:in `call'
sprockets-rails (3.2.1) lib/sprockets/rails/quiet_assets.rb:13:in `call'
actionpack (5.1.4) lib/action_dispatch/middleware/remote_ip.rb:79:in `call'
actionpack (5.1.4) lib/action_dispatch/middleware/request_id.rb:25:in `call'
rack (2.0.3) lib/rack/method_override.rb:22:in `call'
rack (2.0.3) lib/rack/runtime.rb:22:in `call'
activesupport (5.1.4) lib/active_support/cache/strategy/local_cache_middleware.rb:27:in `call'
actionpack (5.1.4) lib/action_dispatch/middleware/executor.rb:12:in `call'
actionpack (5.1.4) lib/action_dispatch/middleware/static.rb:125:in `call'
rack (2.0.3) lib/rack/sendfile.rb:111:in `call'
railties (5.1.4) lib/rails/engine.rb:522:in `call'
puma (3.10.0) lib/puma/configuration.rb:225:in `call'
puma (3.10.0) lib/puma/server.rb:605:in `handle_request'
puma (3.10.0) lib/puma/server.rb:437:in `process_client'
puma (3.10.0) lib/puma/server.rb:301:in `block in run'
puma (3.10.0) lib/puma/thread_pool.rb:120:in `block in spawn_thread'
Started GET "/Checkr_Hero_poster.png" for 127.0.0.1 at 2017-11-16 19:26:31 +0100
  
ActionController::RoutingError (No route matches [GET] "/Checkr_Hero_poster.png"):
  
actionpack (5.1.4) lib/action_dispatch/middleware/debug_exceptions.rb:63:in `call'
web-console (3.5.1) lib/web_console/middleware.rb:135:in `call_app'
web-console (3.5.1) lib/web_console/middleware.rb:28:in `block in call'
web-console (3.5.1) lib/web_console/middleware.rb:18:in `catch'
web-console (3.5.1) lib/web_console/middleware.rb:18:in `call'
actionpack (5.1.4) lib/action_dispatch/middleware/show_exceptions.rb:31:in `call'
railties (5.1.4) lib/rails/rack/logger.rb:36:in `call_app'
railties (5.1.4) lib/rails/rack/logger.rb:24:in `block in call'
activesupport (5.1.4) lib/active_support/tagged_logging.rb:69:in `block in tagged'
activesupport (5.1.4) lib/active_support/tagged_logging.rb:26:in `tagged'
activesupport (5.1.4) lib/active_support/tagged_logging.rb:69:in `tagged'
railties (5.1.4) lib/rails/rack/logger.rb:24:in `call'
sprockets-rails (3.2.1) lib/sprockets/rails/quiet_assets.rb:13:in `call'
actionpack (5.1.4) lib/action_dispatch/middleware/remote_ip.rb:79:in `call'
actionpack (5.1.4) lib/action_dispatch/middleware/request_id.rb:25:in `call'
rack (2.0.3) lib/rack/method_override.rb:22:in `call'
rack (2.0.3) lib/rack/runtime.rb:22:in `call'
activesupport (5.1.4) lib/active_support/cache/strategy/local_cache_middleware.rb:27:in `call'
actionpack (5.1.4) lib/action_dispatch/middleware/executor.rb:12:in `call'
actionpack (5.1.4) lib/action_dispatch/middleware/static.rb:125:in `call'
rack (2.0.3) lib/rack/sendfile.rb:111:in `call'
railties (5.1.4) lib/rails/engine.rb:522:in `call'
puma (3.10.0) lib/puma/configuration.rb:225:in `call'
puma (3.10.0) lib/puma/server.rb:605:in `handle_request'
puma (3.10.0) lib/puma/server.rb:437:in `process_client'
puma (3.10.0) lib/puma/server.rb:301:in `block in run'
puma (3.10.0) lib/puma/thread_pool.rb:120:in `block in spawn_thread'
Started GET "/" for 127.0.0.1 at 2017-11-16 19:28:27 +0100
Processing by HomeController#checkr as HTML
  Rendering home/checkr.html.erb within layouts/application
  Rendered home/checkr.html.erb within layouts/application (11.3ms)
Completed 200 OK in 123ms (Views: 120.0ms)


Started GET "/checklogo.jpg" for 127.0.0.1 at 2017-11-16 19:28:28 +0100
  
ActionController::RoutingError (No route matches [GET] "/checklogo.jpg"):
  
actionpack (5.1.4) lib/action_dispatch/middleware/debug_exceptions.rb:63:in `call'
web-console (3.5.1) lib/web_console/middleware.rb:135:in `call_app'
web-console (3.5.1) lib/web_console/middleware.rb:28:in `block in call'
web-console (3.5.1) lib/web_console/middleware.rb:18:in `catch'
web-console (3.5.1) lib/web_console/middleware.rb:18:in `call'
actionpack (5.1.4) lib/action_dispatch/middleware/show_exceptions.rb:31:in `call'
railties (5.1.4) lib/rails/rack/logger.rb:36:in `call_app'
railties (5.1.4) lib/rails/rack/logger.rb:24:in `block in call'
activesupport (5.1.4) lib/active_support/tagged_logging.rb:69:in `block in tagged'
activesupport (5.1.4) lib/active_support/tagged_logging.rb:26:in `tagged'
activesupport (5.1.4) lib/active_support/tagged_logging.rb:69:in `tagged'
railties (5.1.4) lib/rails/rack/logger.rb:24:in `call'
sprockets-rails (3.2.1) lib/sprockets/rails/quiet_assets.rb:13:in `call'
actionpack (5.1.4) lib/action_dispatch/middleware/remote_ip.rb:79:in `call'
actionpack (5.1.4) lib/action_dispatch/middleware/request_id.rb:25:in `call'
rack (2.0.3) lib/rack/method_override.rb:22:in `call'
rack (2.0.3) lib/rack/runtime.rb:22:in `call'
activesupport (5.1.4) lib/active_support/cache/strategy/local_cache_middleware.rb:27:in `call'
actionpack (5.1.4) lib/action_dispatch/middleware/executor.rb:12:in `call'
actionpack (5.1.4) lib/action_dispatch/middleware/static.rb:125:in `call'
rack (2.0.3) lib/rack/sendfile.rb:111:in `call'
railties (5.1.4) lib/rails/engine.rb:522:in `call'
puma (3.10.0) lib/puma/configuration.rb:225:in `call'
puma (3.10.0) lib/puma/server.rb:605:in `handle_request'
puma (3.10.0) lib/puma/server.rb:437:in `process_client'
puma (3.10.0) lib/puma/server.rb:301:in `block in run'
puma (3.10.0) lib/puma/thread_pool.rb:120:in `block in spawn_thread'
Started GET "/Checkr_Hero_poster.png" for 127.0.0.1 at 2017-11-16 19:28:28 +0100
  
ActionController::RoutingError (No route matches [GET] "/Checkr_Hero_poster.png"):
  
actionpack (5.1.4) lib/action_dispatch/middleware/debug_exceptions.rb:63:in `call'
web-console (3.5.1) lib/web_console/middleware.rb:135:in `call_app'
web-console (3.5.1) lib/web_console/middleware.rb:28:in `block in call'
web-console (3.5.1) lib/web_console/middleware.rb:18:in `catch'
web-console (3.5.1) lib/web_console/middleware.rb:18:in `call'
actionpack (5.1.4) lib/action_dispatch/middleware/show_exceptions.rb:31:in `call'
railties (5.1.4) lib/rails/rack/logger.rb:36:in `call_app'
railties (5.1.4) lib/rails/rack/logger.rb:24:in `block in call'
activesupport (5.1.4) lib/active_support/tagged_logging.rb:69:in `block in tagged'
activesupport (5.1.4) lib/active_support/tagged_logging.rb:26:in `tagged'
activesupport (5.1.4) lib/active_support/tagged_logging.rb:69:in `tagged'
railties (5.1.4) lib/rails/rack/logger.rb:24:in `call'
sprockets-rails (3.2.1) lib/sprockets/rails/quiet_assets.rb:13:in `call'
actionpack (5.1.4) lib/action_dispatch/middleware/remote_ip.rb:79:in `call'
actionpack (5.1.4) lib/action_dispatch/middleware/request_id.rb:25:in `call'
rack (2.0.3) lib/rack/method_override.rb:22:in `call'
rack (2.0.3) lib/rack/runtime.rb:22:in `call'
activesupport (5.1.4) lib/active_support/cache/strategy/local_cache_middleware.rb:27:in `call'
actionpack (5.1.4) lib/action_dispatch/middleware/executor.rb:12:in `call'
actionpack (5.1.4) lib/action_dispatch/middleware/static.rb:125:in `call'
rack (2.0.3) lib/rack/sendfile.rb:111:in `call'
railties (5.1.4) lib/rails/engine.rb:522:in `call'
puma (3.10.0) lib/puma/configuration.rb:225:in `call'
puma (3.10.0) lib/puma/server.rb:605:in `handle_request'
puma (3.10.0) lib/puma/server.rb:437:in `process_client'
puma (3.10.0) lib/puma/server.rb:301:in `block in run'
puma (3.10.0) lib/puma/thread_pool.rb:120:in `block in spawn_thread'
Started GET "/" for 127.0.0.1 at 2017-11-16 19:28:48 +0100
Processing by HomeController#checkr as HTML
  Rendering home/checkr.html.erb within layouts/application
  Rendered home/checkr.html.erb within layouts/application (14.3ms)
Completed 200 OK in 120ms (Views: 118.2ms)


Started GET "/checklogo.jpg" for 127.0.0.1 at 2017-11-16 19:28:48 +0100
  
ActionController::RoutingError (No route matches [GET] "/checklogo.jpg"):
  
actionpack (5.1.4) lib/action_dispatch/middleware/debug_exceptions.rb:63:in `call'
web-console (3.5.1) lib/web_console/middleware.rb:135:in `call_app'
web-console (3.5.1) lib/web_console/middleware.rb:28:in `block in call'
web-console (3.5.1) lib/web_console/middleware.rb:18:in `catch'
web-console (3.5.1) lib/web_console/middleware.rb:18:in `call'
actionpack (5.1.4) lib/action_dispatch/middleware/show_exceptions.rb:31:in `call'
railties (5.1.4) lib/rails/rack/logger.rb:36:in `call_app'
railties (5.1.4) lib/rails/rack/logger.rb:24:in `block in call'
activesupport (5.1.4) lib/active_support/tagged_logging.rb:69:in `block in tagged'
activesupport (5.1.4) lib/active_support/tagged_logging.rb:26:in `tagged'
activesupport (5.1.4) lib/active_support/tagged_logging.rb:69:in `tagged'
railties (5.1.4) lib/rails/rack/logger.rb:24:in `call'
sprockets-rails (3.2.1) lib/sprockets/rails/quiet_assets.rb:13:in `call'
actionpack (5.1.4) lib/action_dispatch/middleware/remote_ip.rb:79:in `call'
actionpack (5.1.4) lib/action_dispatch/middleware/request_id.rb:25:in `call'
rack (2.0.3) lib/rack/method_override.rb:22:in `call'
rack (2.0.3) lib/rack/runtime.rb:22:in `call'
activesupport (5.1.4) lib/active_support/cache/strategy/local_cache_middleware.rb:27:in `call'
actionpack (5.1.4) lib/action_dispatch/middleware/executor.rb:12:in `call'
actionpack (5.1.4) lib/action_dispatch/middleware/static.rb:125:in `call'
rack (2.0.3) lib/rack/sendfile.rb:111:in `call'
railties (5.1.4) lib/rails/engine.rb:522:in `call'
puma (3.10.0) lib/puma/configuration.rb:225:in `call'
puma (3.10.0) lib/puma/server.rb:605:in `handle_request'
puma (3.10.0) lib/puma/server.rb:437:in `process_client'
puma (3.10.0) lib/puma/server.rb:301:in `block in run'
puma (3.10.0) lib/puma/thread_pool.rb:120:in `block in spawn_thread'
Started GET "/Checkr_Hero_poster.png" for 127.0.0.1 at 2017-11-16 19:28:48 +0100
  
ActionController::RoutingError (No route matches [GET] "/Checkr_Hero_poster.png"):
  
actionpack (5.1.4) lib/action_dispatch/middleware/debug_exceptions.rb:63:in `call'
web-console (3.5.1) lib/web_console/middleware.rb:135:in `call_app'
web-console (3.5.1) lib/web_console/middleware.rb:28:in `block in call'
web-console (3.5.1) lib/web_console/middleware.rb:18:in `catch'
web-console (3.5.1) lib/web_console/middleware.rb:18:in `call'
actionpack (5.1.4) lib/action_dispatch/middleware/show_exceptions.rb:31:in `call'
railties (5.1.4) lib/rails/rack/logger.rb:36:in `call_app'
railties (5.1.4) lib/rails/rack/logger.rb:24:in `block in call'
activesupport (5.1.4) lib/active_support/tagged_logging.rb:69:in `block in tagged'
activesupport (5.1.4) lib/active_support/tagged_logging.rb:26:in `tagged'
activesupport (5.1.4) lib/active_support/tagged_logging.rb:69:in `tagged'
railties (5.1.4) lib/rails/rack/logger.rb:24:in `call'
sprockets-rails (3.2.1) lib/sprockets/rails/quiet_assets.rb:13:in `call'
actionpack (5.1.4) lib/action_dispatch/middleware/remote_ip.rb:79:in `call'
actionpack (5.1.4) lib/action_dispatch/middleware/request_id.rb:25:in `call'
rack (2.0.3) lib/rack/method_override.rb:22:in `call'
rack (2.0.3) lib/rack/runtime.rb:22:in `call'
activesupport (5.1.4) lib/active_support/cache/strategy/local_cache_middleware.rb:27:in `call'
actionpack (5.1.4) lib/action_dispatch/middleware/executor.rb:12:in `call'
actionpack (5.1.4) lib/action_dispatch/middleware/static.rb:125:in `call'
rack (2.0.3) lib/rack/sendfile.rb:111:in `call'
railties (5.1.4) lib/rails/engine.rb:522:in `call'
puma (3.10.0) lib/puma/configuration.rb:225:in `call'
puma (3.10.0) lib/puma/server.rb:605:in `handle_request'
puma (3.10.0) lib/puma/server.rb:437:in `process_client'
puma (3.10.0) lib/puma/server.rb:301:in `block in run'
puma (3.10.0) lib/puma/thread_pool.rb:120:in `block in spawn_thread'
Started GET "/" for 127.0.0.1 at 2017-11-16 19:29:37 +0100
Processing by HomeController#checkr as HTML
  Rendering home/checkr.html.erb within layouts/application
  Rendered home/checkr.html.erb within layouts/application (12.1ms)
Completed 200 OK in 33ms (Views: 30.4ms)


Started GET "/checklogo.jpg" for 127.0.0.1 at 2017-11-16 19:29:37 +0100
  
ActionController::RoutingError (No route matches [GET] "/checklogo.jpg"):
  
actionpack (5.1.4) lib/action_dispatch/middleware/debug_exceptions.rb:63:in `call'
web-console (3.5.1) lib/web_console/middleware.rb:135:in `call_app'
web-console (3.5.1) lib/web_console/middleware.rb:28:in `block in call'
web-console (3.5.1) lib/web_console/middleware.rb:18:in `catch'
web-console (3.5.1) lib/web_console/middleware.rb:18:in `call'
actionpack (5.1.4) lib/action_dispatch/middleware/show_exceptions.rb:31:in `call'
railties (5.1.4) lib/rails/rack/logger.rb:36:in `call_app'
railties (5.1.4) lib/rails/rack/logger.rb:24:in `block in call'
activesupport (5.1.4) lib/active_support/tagged_logging.rb:69:in `block in tagged'
activesupport (5.1.4) lib/active_support/tagged_logging.rb:26:in `tagged'
activesupport (5.1.4) lib/active_support/tagged_logging.rb:69:in `tagged'
railties (5.1.4) lib/rails/rack/logger.rb:24:in `call'
sprockets-rails (3.2.1) lib/sprockets/rails/quiet_assets.rb:13:in `call'
actionpack (5.1.4) lib/action_dispatch/middleware/remote_ip.rb:79:in `call'
actionpack (5.1.4) lib/action_dispatch/middleware/request_id.rb:25:in `call'
rack (2.0.3) lib/rack/method_override.rb:22:in `call'
rack (2.0.3) lib/rack/runtime.rb:22:in `call'
activesupport (5.1.4) lib/active_support/cache/strategy/local_cache_middleware.rb:27:in `call'
actionpack (5.1.4) lib/action_dispatch/middleware/executor.rb:12:in `call'
actionpack (5.1.4) lib/action_dispatch/middleware/static.rb:125:in `call'
rack (2.0.3) lib/rack/sendfile.rb:111:in `call'
railties (5.1.4) lib/rails/engine.rb:522:in `call'
puma (3.10.0) lib/puma/configuration.rb:225:in `call'
puma (3.10.0) lib/puma/server.rb:605:in `handle_request'
puma (3.10.0) lib/puma/server.rb:437:in `process_client'
puma (3.10.0) lib/puma/server.rb:301:in `block in run'
puma (3.10.0) lib/puma/thread_pool.rb:120:in `block in spawn_thread'
Started GET "/Checkr_Hero_poster.png" for 127.0.0.1 at 2017-11-16 19:29:37 +0100
  
ActionController::RoutingError (No route matches [GET] "/Checkr_Hero_poster.png"):
  
actionpack (5.1.4) lib/action_dispatch/middleware/debug_exceptions.rb:63:in `call'
web-console (3.5.1) lib/web_console/middleware.rb:135:in `call_app'
web-console (3.5.1) lib/web_console/middleware.rb:28:in `block in call'
web-console (3.5.1) lib/web_console/middleware.rb:18:in `catch'
web-console (3.5.1) lib/web_console/middleware.rb:18:in `call'
actionpack (5.1.4) lib/action_dispatch/middleware/show_exceptions.rb:31:in `call'
railties (5.1.4) lib/rails/rack/logger.rb:36:in `call_app'
railties (5.1.4) lib/rails/rack/logger.rb:24:in `block in call'
activesupport (5.1.4) lib/active_support/tagged_logging.rb:69:in `block in tagged'
activesupport (5.1.4) lib/active_support/tagged_logging.rb:26:in `tagged'
activesupport (5.1.4) lib/active_support/tagged_logging.rb:69:in `tagged'
railties (5.1.4) lib/rails/rack/logger.rb:24:in `call'
sprockets-rails (3.2.1) lib/sprockets/rails/quiet_assets.rb:13:in `call'
actionpack (5.1.4) lib/action_dispatch/middleware/remote_ip.rb:79:in `call'
actionpack (5.1.4) lib/action_dispatch/middleware/request_id.rb:25:in `call'
rack (2.0.3) lib/rack/method_override.rb:22:in `call'
rack (2.0.3) lib/rack/runtime.rb:22:in `call'
activesupport (5.1.4) lib/active_support/cache/strategy/local_cache_middleware.rb:27:in `call'
actionpack (5.1.4) lib/action_dispatch/middleware/executor.rb:12:in `call'
actionpack (5.1.4) lib/action_dispatch/middleware/static.rb:125:in `call'
rack (2.0.3) lib/rack/sendfile.rb:111:in `call'
railties (5.1.4) lib/rails/engine.rb:522:in `call'
puma (3.10.0) lib/puma/configuration.rb:225:in `call'
puma (3.10.0) lib/puma/server.rb:605:in `handle_request'
puma (3.10.0) lib/puma/server.rb:437:in `process_client'
puma (3.10.0) lib/puma/server.rb:301:in `block in run'
puma (3.10.0) lib/puma/thread_pool.rb:120:in `block in spawn_thread'
Started GET "/" for 127.0.0.1 at 2017-11-16 19:29:53 +0100
Processing by HomeController#checkr as HTML
  Rendering home/checkr.html.erb within layouts/application
  Rendered home/checkr.html.erb within layouts/application (12.0ms)
Completed 200 OK in 107ms (Views: 103.9ms)


Started GET "/checklogo.jpg" for 127.0.0.1 at 2017-11-16 19:29:53 +0100
  
ActionController::RoutingError (No route matches [GET] "/checklogo.jpg"):
  
actionpack (5.1.4) lib/action_dispatch/middleware/debug_exceptions.rb:63:in `call'
web-console (3.5.1) lib/web_console/middleware.rb:135:in `call_app'
web-console (3.5.1) lib/web_console/middleware.rb:28:in `block in call'
web-console (3.5.1) lib/web_console/middleware.rb:18:in `catch'
web-console (3.5.1) lib/web_console/middleware.rb:18:in `call'
actionpack (5.1.4) lib/action_dispatch/middleware/show_exceptions.rb:31:in `call'
railties (5.1.4) lib/rails/rack/logger.rb:36:in `call_app'
railties (5.1.4) lib/rails/rack/logger.rb:24:in `block in call'
activesupport (5.1.4) lib/active_support/tagged_logging.rb:69:in `block in tagged'
activesupport (5.1.4) lib/active_support/tagged_logging.rb:26:in `tagged'
activesupport (5.1.4) lib/active_support/tagged_logging.rb:69:in `tagged'
railties (5.1.4) lib/rails/rack/logger.rb:24:in `call'
sprockets-rails (3.2.1) lib/sprockets/rails/quiet_assets.rb:13:in `call'
actionpack (5.1.4) lib/action_dispatch/middleware/remote_ip.rb:79:in `call'
actionpack (5.1.4) lib/action_dispatch/middleware/request_id.rb:25:in `call'
rack (2.0.3) lib/rack/method_override.rb:22:in `call'
rack (2.0.3) lib/rack/runtime.rb:22:in `call'
activesupport (5.1.4) lib/active_support/cache/strategy/local_cache_middleware.rb:27:in `call'
actionpack (5.1.4) lib/action_dispatch/middleware/executor.rb:12:in `call'
actionpack (5.1.4) lib/action_dispatch/middleware/static.rb:125:in `call'
rack (2.0.3) lib/rack/sendfile.rb:111:in `call'
railties (5.1.4) lib/rails/engine.rb:522:in `call'
puma (3.10.0) lib/puma/configuration.rb:225:in `call'
puma (3.10.0) lib/puma/server.rb:605:in `handle_request'
puma (3.10.0) lib/puma/server.rb:437:in `process_client'
puma (3.10.0) lib/puma/server.rb:301:in `block in run'
puma (3.10.0) lib/puma/thread_pool.rb:120:in `block in spawn_thread'
Started GET "/Checkr_Hero_poster.png" for 127.0.0.1 at 2017-11-16 19:29:53 +0100
  
ActionController::RoutingError (No route matches [GET] "/Checkr_Hero_poster.png"):
  
actionpack (5.1.4) lib/action_dispatch/middleware/debug_exceptions.rb:63:in `call'
web-console (3.5.1) lib/web_console/middleware.rb:135:in `call_app'
web-console (3.5.1) lib/web_console/middleware.rb:28:in `block in call'
web-console (3.5.1) lib/web_console/middleware.rb:18:in `catch'
web-console (3.5.1) lib/web_console/middleware.rb:18:in `call'
actionpack (5.1.4) lib/action_dispatch/middleware/show_exceptions.rb:31:in `call'
railties (5.1.4) lib/rails/rack/logger.rb:36:in `call_app'
railties (5.1.4) lib/rails/rack/logger.rb:24:in `block in call'
activesupport (5.1.4) lib/active_support/tagged_logging.rb:69:in `block in tagged'
activesupport (5.1.4) lib/active_support/tagged_logging.rb:26:in `tagged'
activesupport (5.1.4) lib/active_support/tagged_logging.rb:69:in `tagged'
railties (5.1.4) lib/rails/rack/logger.rb:24:in `call'
sprockets-rails (3.2.1) lib/sprockets/rails/quiet_assets.rb:13:in `call'
actionpack (5.1.4) lib/action_dispatch/middleware/remote_ip.rb:79:in `call'
actionpack (5.1.4) lib/action_dispatch/middleware/request_id.rb:25:in `call'
rack (2.0.3) lib/rack/method_override.rb:22:in `call'
rack (2.0.3) lib/rack/runtime.rb:22:in `call'
activesupport (5.1.4) lib/active_support/cache/strategy/local_cache_middleware.rb:27:in `call'
actionpack (5.1.4) lib/action_dispatch/middleware/executor.rb:12:in `call'
actionpack (5.1.4) lib/action_dispatch/middleware/static.rb:125:in `call'
rack (2.0.3) lib/rack/sendfile.rb:111:in `call'
railties (5.1.4) lib/rails/engine.rb:522:in `call'
puma (3.10.0) lib/puma/configuration.rb:225:in `call'
puma (3.10.0) lib/puma/server.rb:605:in `handle_request'
puma (3.10.0) lib/puma/server.rb:437:in `process_client'
puma (3.10.0) lib/puma/server.rb:301:in `block in run'
puma (3.10.0) lib/puma/thread_pool.rb:120:in `block in spawn_thread'
Started GET "/" for 127.0.0.1 at 2017-11-16 19:30:02 +0100
Processing by HomeController#checkr as HTML
  Rendering home/checkr.html.erb within layouts/application
  Rendered home/checkr.html.erb within layouts/application (12.8ms)
Completed 200 OK in 111ms (Views: 108.1ms)


Started GET "/checklogo.jpg" for 127.0.0.1 at 2017-11-16 19:30:03 +0100
  
ActionController::RoutingError (No route matches [GET] "/checklogo.jpg"):
  
actionpack (5.1.4) lib/action_dispatch/middleware/debug_exceptions.rb:63:in `call'
web-console (3.5.1) lib/web_console/middleware.rb:135:in `call_app'
web-console (3.5.1) lib/web_console/middleware.rb:28:in `block in call'
web-console (3.5.1) lib/web_console/middleware.rb:18:in `catch'
web-console (3.5.1) lib/web_console/middleware.rb:18:in `call'
actionpack (5.1.4) lib/action_dispatch/middleware/show_exceptions.rb:31:in `call'
railties (5.1.4) lib/rails/rack/logger.rb:36:in `call_app'
railties (5.1.4) lib/rails/rack/logger.rb:24:in `block in call'
activesupport (5.1.4) lib/active_support/tagged_logging.rb:69:in `block in tagged'
activesupport (5.1.4) lib/active_support/tagged_logging.rb:26:in `tagged'
activesupport (5.1.4) lib/active_support/tagged_logging.rb:69:in `tagged'
railties (5.1.4) lib/rails/rack/logger.rb:24:in `call'
sprockets-rails (3.2.1) lib/sprockets/rails/quiet_assets.rb:13:in `call'
actionpack (5.1.4) lib/action_dispatch/middleware/remote_ip.rb:79:in `call'
actionpack (5.1.4) lib/action_dispatch/middleware/request_id.rb:25:in `call'
rack (2.0.3) lib/rack/method_override.rb:22:in `call'
rack (2.0.3) lib/rack/runtime.rb:22:in `call'
activesupport (5.1.4) lib/active_support/cache/strategy/local_cache_middleware.rb:27:in `call'
actionpack (5.1.4) lib/action_dispatch/middleware/executor.rb:12:in `call'
actionpack (5.1.4) lib/action_dispatch/middleware/static.rb:125:in `call'
rack (2.0.3) lib/rack/sendfile.rb:111:in `call'
railties (5.1.4) lib/rails/engine.rb:522:in `call'
puma (3.10.0) lib/puma/configuration.rb:225:in `call'
puma (3.10.0) lib/puma/server.rb:605:in `handle_request'
puma (3.10.0) lib/puma/server.rb:437:in `process_client'
puma (3.10.0) lib/puma/server.rb:301:in `block in run'
puma (3.10.0) lib/puma/thread_pool.rb:120:in `block in spawn_thread'
Started GET "/Checkr_Hero_poster.png" for 127.0.0.1 at 2017-11-16 19:30:03 +0100
  
ActionController::RoutingError (No route matches [GET] "/Checkr_Hero_poster.png"):
  
actionpack (5.1.4) lib/action_dispatch/middleware/debug_exceptions.rb:63:in `call'
web-console (3.5.1) lib/web_console/middleware.rb:135:in `call_app'
web-console (3.5.1) lib/web_console/middleware.rb:28:in `block in call'
web-console (3.5.1) lib/web_console/middleware.rb:18:in `catch'
web-console (3.5.1) lib/web_console/middleware.rb:18:in `call'
actionpack (5.1.4) lib/action_dispatch/middleware/show_exceptions.rb:31:in `call'
railties (5.1.4) lib/rails/rack/logger.rb:36:in `call_app'
railties (5.1.4) lib/rails/rack/logger.rb:24:in `block in call'
activesupport (5.1.4) lib/active_support/tagged_logging.rb:69:in `block in tagged'
activesupport (5.1.4) lib/active_support/tagged_logging.rb:26:in `tagged'
activesupport (5.1.4) lib/active_support/tagged_logging.rb:69:in `tagged'
railties (5.1.4) lib/rails/rack/logger.rb:24:in `call'
sprockets-rails (3.2.1) lib/sprockets/rails/quiet_assets.rb:13:in `call'
actionpack (5.1.4) lib/action_dispatch/middleware/remote_ip.rb:79:in `call'
actionpack (5.1.4) lib/action_dispatch/middleware/request_id.rb:25:in `call'
rack (2.0.3) lib/rack/method_override.rb:22:in `call'
rack (2.0.3) lib/rack/runtime.rb:22:in `call'
activesupport (5.1.4) lib/active_support/cache/strategy/local_cache_middleware.rb:27:in `call'
actionpack (5.1.4) lib/action_dispatch/middleware/executor.rb:12:in `call'
actionpack (5.1.4) lib/action_dispatch/middleware/static.rb:125:in `call'
rack (2.0.3) lib/rack/sendfile.rb:111:in `call'
railties (5.1.4) lib/rails/engine.rb:522:in `call'
puma (3.10.0) lib/puma/configuration.rb:225:in `call'
puma (3.10.0) lib/puma/server.rb:605:in `handle_request'
puma (3.10.0) lib/puma/server.rb:437:in `process_client'
puma (3.10.0) lib/puma/server.rb:301:in `block in run'
puma (3.10.0) lib/puma/thread_pool.rb:120:in `block in spawn_thread'
Started GET "/" for 127.0.0.1 at 2017-11-16 19:31:34 +0100
Processing by HomeController#checkr as HTML
  Rendering home/checkr.html.erb within layouts/application
  Rendered home/checkr.html.erb within layouts/application (4.7ms)
Completed 500 Internal Server Error in 11ms


  
ActionView::Template::Error (The asset "chekr.jpeg" is not present in the asset pipeline.):
    72: <button type="button">Explore now</button>
    73:     </div>
    74:     <div class="element">
    75: <%= image_tag "chekr.jpeg"%>
    76: 
    77:     
    78:     </div>
  
app/views/home/checkr.html.erb:75:in `_app_views_home_checkr_html_erb__1658649591083283502_70125974664800'
Started GET "/" for 127.0.0.1 at 2017-11-16 19:31:53 +0100
Processing by HomeController#checkr as HTML
  Rendering home/checkr.html.erb within layouts/application
  Rendered home/checkr.html.erb within layouts/application (5.5ms)
Completed 500 Internal Server Error in 11ms


  
ActionView::Template::Error (The asset "chekr.png" is not present in the asset pipeline.):
    72: <button type="button">Explore now</button>
    73:     </div>
    74:     <div class="element">
    75: <%= image_tag "chekr.png"%>
    76: 
    77:     
    78:     </div>
  
app/views/home/checkr.html.erb:75:in `_app_views_home_checkr_html_erb__1658649591083283502_70125984088840'
Started GET "/" for 127.0.0.1 at 2017-11-16 19:32:05 +0100
Processing by HomeController#checkr as HTML
  Rendering home/checkr.html.erb within layouts/application
  Rendered home/checkr.html.erb within layouts/application (142.3ms)
Completed 200 OK in 192ms (Views: 189.3ms)


Started GET "/checklogo.jpg" for 127.0.0.1 at 2017-11-16 19:32:05 +0100
  
ActionController::RoutingError (No route matches [GET] "/checklogo.jpg"):
  
actionpack (5.1.4) lib/action_dispatch/middleware/debug_exceptions.rb:63:in `call'
web-console (3.5.1) lib/web_console/middleware.rb:135:in `call_app'
web-console (3.5.1) lib/web_console/middleware.rb:28:in `block in call'
web-console (3.5.1) lib/web_console/middleware.rb:18:in `catch'
web-console (3.5.1) lib/web_console/middleware.rb:18:in `call'
actionpack (5.1.4) lib/action_dispatch/middleware/show_exceptions.rb:31:in `call'
railties (5.1.4) lib/rails/rack/logger.rb:36:in `call_app'
railties (5.1.4) lib/rails/rack/logger.rb:24:in `block in call'
activesupport (5.1.4) lib/active_support/tagged_logging.rb:69:in `block in tagged'
activesupport (5.1.4) lib/active_support/tagged_logging.rb:26:in `tagged'
activesupport (5.1.4) lib/active_support/tagged_logging.rb:69:in `tagged'
railties (5.1.4) lib/rails/rack/logger.rb:24:in `call'
sprockets-rails (3.2.1) lib/sprockets/rails/quiet_assets.rb:13:in `call'
actionpack (5.1.4) lib/action_dispatch/middleware/remote_ip.rb:79:in `call'
actionpack (5.1.4) lib/action_dispatch/middleware/request_id.rb:25:in `call'
rack (2.0.3) lib/rack/method_override.rb:22:in `call'
rack (2.0.3) lib/rack/runtime.rb:22:in `call'
activesupport (5.1.4) lib/active_support/cache/strategy/local_cache_middleware.rb:27:in `call'
actionpack (5.1.4) lib/action_dispatch/middleware/executor.rb:12:in `call'
actionpack (5.1.4) lib/action_dispatch/middleware/static.rb:125:in `call'
rack (2.0.3) lib/rack/sendfile.rb:111:in `call'
railties (5.1.4) lib/rails/engine.rb:522:in `call'
puma (3.10.0) lib/puma/configuration.rb:225:in `call'
puma (3.10.0) lib/puma/server.rb:605:in `handle_request'
puma (3.10.0) lib/puma/server.rb:437:in `process_client'
puma (3.10.0) lib/puma/server.rb:301:in `block in run'
puma (3.10.0) lib/puma/thread_pool.rb:120:in `block in spawn_thread'
Started GET "/" for 127.0.0.1 at 2017-11-16 19:33:08 +0100
Processing by HomeController#checkr as HTML
  Rendering home/checkr.html.erb within layouts/application
  Rendered home/checkr.html.erb within layouts/application (16.1ms)
Completed 200 OK in 113ms (Views: 111.7ms)


Started GET "/checklogo.jpg" for 127.0.0.1 at 2017-11-16 19:33:09 +0100
  
ActionController::RoutingError (No route matches [GET] "/checklogo.jpg"):
  
actionpack (5.1.4) lib/action_dispatch/middleware/debug_exceptions.rb:63:in `call'
web-console (3.5.1) lib/web_console/middleware.rb:135:in `call_app'
web-console (3.5.1) lib/web_console/middleware.rb:28:in `block in call'
web-console (3.5.1) lib/web_console/middleware.rb:18:in `catch'
web-console (3.5.1) lib/web_console/middleware.rb:18:in `call'
actionpack (5.1.4) lib/action_dispatch/middleware/show_exceptions.rb:31:in `call'
railties (5.1.4) lib/rails/rack/logger.rb:36:in `call_app'
railties (5.1.4) lib/rails/rack/logger.rb:24:in `block in call'
activesupport (5.1.4) lib/active_support/tagged_logging.rb:69:in `block in tagged'
activesupport (5.1.4) lib/active_support/tagged_logging.rb:26:in `tagged'
activesupport (5.1.4) lib/active_support/tagged_logging.rb:69:in `tagged'
railties (5.1.4) lib/rails/rack/logger.rb:24:in `call'
sprockets-rails (3.2.1) lib/sprockets/rails/quiet_assets.rb:13:in `call'
actionpack (5.1.4) lib/action_dispatch/middleware/remote_ip.rb:79:in `call'
actionpack (5.1.4) lib/action_dispatch/middleware/request_id.rb:25:in `call'
rack (2.0.3) lib/rack/method_override.rb:22:in `call'
rack (2.0.3) lib/rack/runtime.rb:22:in `call'
activesupport (5.1.4) lib/active_support/cache/strategy/local_cache_middleware.rb:27:in `call'
actionpack (5.1.4) lib/action_dispatch/middleware/executor.rb:12:in `call'
actionpack (5.1.4) lib/action_dispatch/middleware/static.rb:125:in `call'
rack (2.0.3) lib/rack/sendfile.rb:111:in `call'
railties (5.1.4) lib/rails/engine.rb:522:in `call'
puma (3.10.0) lib/puma/configuration.rb:225:in `call'
puma (3.10.0) lib/puma/server.rb:605:in `handle_request'
puma (3.10.0) lib/puma/server.rb:437:in `process_client'
puma (3.10.0) lib/puma/server.rb:301:in `block in run'
puma (3.10.0) lib/puma/thread_pool.rb:120:in `block in spawn_thread'
Started GET "/" for 127.0.0.1 at 2017-11-16 19:36:04 +0100
Processing by HomeController#checkr as HTML
  Rendering home/checkr.html.erb within layouts/application
  Rendered home/checkr.html.erb within layouts/application (18.9ms)
Completed 200 OK in 132ms (Views: 128.9ms)


Started GET "/checklogo.jpg" for 127.0.0.1 at 2017-11-16 19:36:04 +0100
  
ActionController::RoutingError (No route matches [GET] "/checklogo.jpg"):
  
actionpack (5.1.4) lib/action_dispatch/middleware/debug_exceptions.rb:63:in `call'
web-console (3.5.1) lib/web_console/middleware.rb:135:in `call_app'
web-console (3.5.1) lib/web_console/middleware.rb:28:in `block in call'
web-console (3.5.1) lib/web_console/middleware.rb:18:in `catch'
web-console (3.5.1) lib/web_console/middleware.rb:18:in `call'
actionpack (5.1.4) lib/action_dispatch/middleware/show_exceptions.rb:31:in `call'
railties (5.1.4) lib/rails/rack/logger.rb:36:in `call_app'
railties (5.1.4) lib/rails/rack/logger.rb:24:in `block in call'
activesupport (5.1.4) lib/active_support/tagged_logging.rb:69:in `block in tagged'
activesupport (5.1.4) lib/active_support/tagged_logging.rb:26:in `tagged'
activesupport (5.1.4) lib/active_support/tagged_logging.rb:69:in `tagged'
railties (5.1.4) lib/rails/rack/logger.rb:24:in `call'
sprockets-rails (3.2.1) lib/sprockets/rails/quiet_assets.rb:13:in `call'
actionpack (5.1.4) lib/action_dispatch/middleware/remote_ip.rb:79:in `call'
actionpack (5.1.4) lib/action_dispatch/middleware/request_id.rb:25:in `call'
rack (2.0.3) lib/rack/method_override.rb:22:in `call'
rack (2.0.3) lib/rack/runtime.rb:22:in `call'
activesupport (5.1.4) lib/active_support/cache/strategy/local_cache_middleware.rb:27:in `call'
actionpack (5.1.4) lib/action_dispatch/middleware/executor.rb:12:in `call'
actionpack (5.1.4) lib/action_dispatch/middleware/static.rb:125:in `call'
rack (2.0.3) lib/rack/sendfile.rb:111:in `call'
railties (5.1.4) lib/rails/engine.rb:522:in `call'
puma (3.10.0) lib/puma/configuration.rb:225:in `call'
puma (3.10.0) lib/puma/server.rb:605:in `handle_request'
puma (3.10.0) lib/puma/server.rb:437:in `process_client'
puma (3.10.0) lib/puma/server.rb:301:in `block in run'
puma (3.10.0) lib/puma/thread_pool.rb:120:in `block in spawn_thread'
Started GET "/" for 127.0.0.1 at 2017-11-16 19:36:12 +0100
Processing by HomeController#checkr as HTML
  Rendering home/checkr.html.erb within layouts/application
  Rendered home/checkr.html.erb within layouts/application (11.7ms)
Completed 200 OK in 107ms (Views: 104.3ms)


Started GET "/checklogo.jpg" for 127.0.0.1 at 2017-11-16 19:36:12 +0100
  
ActionController::RoutingError (No route matches [GET] "/checklogo.jpg"):
  
actionpack (5.1.4) lib/action_dispatch/middleware/debug_exceptions.rb:63:in `call'
web-console (3.5.1) lib/web_console/middleware.rb:135:in `call_app'
web-console (3.5.1) lib/web_console/middleware.rb:28:in `block in call'
web-console (3.5.1) lib/web_console/middleware.rb:18:in `catch'
web-console (3.5.1) lib/web_console/middleware.rb:18:in `call'
actionpack (5.1.4) lib/action_dispatch/middleware/show_exceptions.rb:31:in `call'
railties (5.1.4) lib/rails/rack/logger.rb:36:in `call_app'
railties (5.1.4) lib/rails/rack/logger.rb:24:in `block in call'
activesupport (5.1.4) lib/active_support/tagged_logging.rb:69:in `block in tagged'
activesupport (5.1.4) lib/active_support/tagged_logging.rb:26:in `tagged'
activesupport (5.1.4) lib/active_support/tagged_logging.rb:69:in `tagged'
railties (5.1.4) lib/rails/rack/logger.rb:24:in `call'
sprockets-rails (3.2.1) lib/sprockets/rails/quiet_assets.rb:13:in `call'
actionpack (5.1.4) lib/action_dispatch/middleware/remote_ip.rb:79:in `call'
actionpack (5.1.4) lib/action_dispatch/middleware/request_id.rb:25:in `call'
rack (2.0.3) lib/rack/method_override.rb:22:in `call'
rack (2.0.3) lib/rack/runtime.rb:22:in `call'
activesupport (5.1.4) lib/active_support/cache/strategy/local_cache_middleware.rb:27:in `call'
actionpack (5.1.4) lib/action_dispatch/middleware/executor.rb:12:in `call'
actionpack (5.1.4) lib/action_dispatch/middleware/static.rb:125:in `call'
rack (2.0.3) lib/rack/sendfile.rb:111:in `call'
railties (5.1.4) lib/rails/engine.rb:522:in `call'
puma (3.10.0) lib/puma/configuration.rb:225:in `call'
puma (3.10.0) lib/puma/server.rb:605:in `handle_request'
puma (3.10.0) lib/puma/server.rb:437:in `process_client'
puma (3.10.0) lib/puma/server.rb:301:in `block in run'
puma (3.10.0) lib/puma/thread_pool.rb:120:in `block in spawn_thread'
Started GET "/" for 127.0.0.1 at 2017-11-16 19:36:20 +0100
Processing by HomeController#checkr as HTML
  Rendering home/checkr.html.erb within layouts/application
  Rendered home/checkr.html.erb within layouts/application (12.1ms)
Completed 200 OK in 114ms (Views: 110.3ms)


Started GET "/checklogo.jpg" for 127.0.0.1 at 2017-11-16 19:36:21 +0100
  
ActionController::RoutingError (No route matches [GET] "/checklogo.jpg"):
  
actionpack (5.1.4) lib/action_dispatch/middleware/debug_exceptions.rb:63:in `call'
web-console (3.5.1) lib/web_console/middleware.rb:135:in `call_app'
web-console (3.5.1) lib/web_console/middleware.rb:28:in `block in call'
web-console (3.5.1) lib/web_console/middleware.rb:18:in `catch'
web-console (3.5.1) lib/web_console/middleware.rb:18:in `call'
actionpack (5.1.4) lib/action_dispatch/middleware/show_exceptions.rb:31:in `call'
railties (5.1.4) lib/rails/rack/logger.rb:36:in `call_app'
railties (5.1.4) lib/rails/rack/logger.rb:24:in `block in call'
activesupport (5.1.4) lib/active_support/tagged_logging.rb:69:in `block in tagged'
activesupport (5.1.4) lib/active_support/tagged_logging.rb:26:in `tagged'
activesupport (5.1.4) lib/active_support/tagged_logging.rb:69:in `tagged'
railties (5.1.4) lib/rails/rack/logger.rb:24:in `call'
sprockets-rails (3.2.1) lib/sprockets/rails/quiet_assets.rb:13:in `call'
actionpack (5.1.4) lib/action_dispatch/middleware/remote_ip.rb:79:in `call'
actionpack (5.1.4) lib/action_dispatch/middleware/request_id.rb:25:in `call'
rack (2.0.3) lib/rack/method_override.rb:22:in `call'
rack (2.0.3) lib/rack/runtime.rb:22:in `call'
activesupport (5.1.4) lib/active_support/cache/strategy/local_cache_middleware.rb:27:in `call'
actionpack (5.1.4) lib/action_dispatch/middleware/executor.rb:12:in `call'
actionpack (5.1.4) lib/action_dispatch/middleware/static.rb:125:in `call'
rack (2.0.3) lib/rack/sendfile.rb:111:in `call'
railties (5.1.4) lib/rails/engine.rb:522:in `call'
puma (3.10.0) lib/puma/configuration.rb:225:in `call'
puma (3.10.0) lib/puma/server.rb:605:in `handle_request'
puma (3.10.0) lib/puma/server.rb:437:in `process_client'
puma (3.10.0) lib/puma/server.rb:301:in `block in run'
puma (3.10.0) lib/puma/thread_pool.rb:120:in `block in spawn_thread'
Started GET "/" for 127.0.0.1 at 2017-11-16 19:36:27 +0100
Processing by HomeController#checkr as HTML
  Rendering home/checkr.html.erb within layouts/application
  Rendered home/checkr.html.erb within layouts/application (14.0ms)
Completed 200 OK in 123ms (Views: 118.3ms)


Started GET "/checklogo.jpg" for 127.0.0.1 at 2017-11-16 19:36:27 +0100
  
ActionController::RoutingError (No route matches [GET] "/checklogo.jpg"):
  
actionpack (5.1.4) lib/action_dispatch/middleware/debug_exceptions.rb:63:in `call'
web-console (3.5.1) lib/web_console/middleware.rb:135:in `call_app'
web-console (3.5.1) lib/web_console/middleware.rb:28:in `block in call'
web-console (3.5.1) lib/web_console/middleware.rb:18:in `catch'
web-console (3.5.1) lib/web_console/middleware.rb:18:in `call'
actionpack (5.1.4) lib/action_dispatch/middleware/show_exceptions.rb:31:in `call'
railties (5.1.4) lib/rails/rack/logger.rb:36:in `call_app'
railties (5.1.4) lib/rails/rack/logger.rb:24:in `block in call'
activesupport (5.1.4) lib/active_support/tagged_logging.rb:69:in `block in tagged'
activesupport (5.1.4) lib/active_support/tagged_logging.rb:26:in `tagged'
activesupport (5.1.4) lib/active_support/tagged_logging.rb:69:in `tagged'
railties (5.1.4) lib/rails/rack/logger.rb:24:in `call'
sprockets-rails (3.2.1) lib/sprockets/rails/quiet_assets.rb:13:in `call'
actionpack (5.1.4) lib/action_dispatch/middleware/remote_ip.rb:79:in `call'
actionpack (5.1.4) lib/action_dispatch/middleware/request_id.rb:25:in `call'
rack (2.0.3) lib/rack/method_override.rb:22:in `call'
rack (2.0.3) lib/rack/runtime.rb:22:in `call'
activesupport (5.1.4) lib/active_support/cache/strategy/local_cache_middleware.rb:27:in `call'
actionpack (5.1.4) lib/action_dispatch/middleware/executor.rb:12:in `call'
actionpack (5.1.4) lib/action_dispatch/middleware/static.rb:125:in `call'
rack (2.0.3) lib/rack/sendfile.rb:111:in `call'
railties (5.1.4) lib/rails/engine.rb:522:in `call'
puma (3.10.0) lib/puma/configuration.rb:225:in `call'
puma (3.10.0) lib/puma/server.rb:605:in `handle_request'
puma (3.10.0) lib/puma/server.rb:437:in `process_client'
puma (3.10.0) lib/puma/server.rb:301:in `block in run'
puma (3.10.0) lib/puma/thread_pool.rb:120:in `block in spawn_thread'
